versions pytest-6.0.1, py-1.9.0, python-3.8.3.final.0
cwd=C:\Users\rajra\Documents\Corndel\DevOps-Course-Starter
args=('--debug',)

  pytest_cmdline_main [hook]
      config: <_pytest.config.Config object at 0x034B1520>
    pytest_plugin_registered [hook]
        plugin: <Session DevOps-Course-Starter exitstatus=None testsfailed=0 testscollected=0>
        manager: <_pytest.config.PytestPluginManager object at 0x026D4AC0>
    finish pytest_plugin_registered --> [] [hook]
    pytest_configure [hook]
        config: <_pytest.config.Config object at 0x034B1520>
      pytest_plugin_registered [hook]
          plugin: <_pytest.cacheprovider.LFPlugin object at 0x03992A00>
          manager: <_pytest.config.PytestPluginManager object at 0x026D4AC0>
      finish pytest_plugin_registered --> [] [hook]
      pytest_plugin_registered [hook]
          plugin: <_pytest.cacheprovider.NFPlugin object at 0x03992AD8>
          manager: <_pytest.config.PytestPluginManager object at 0x026D4AC0>
      finish pytest_plugin_registered --> [] [hook]
    early skip of rewriting module: faulthandler [assertion]
      pytest_configure [hook]
          config: <_pytest.config.Config object at 0x034B1520>
      finish pytest_configure --> [] [hook]
      pytest_plugin_registered [hook]
          plugin: <_pytest.faulthandler.FaultHandlerHooks object at 0x03992B50>
          manager: <_pytest.config.PytestPluginManager object at 0x026D4AC0>
      finish pytest_plugin_registered --> [] [hook]
      pytest_plugin_registered [hook]
          plugin: <_pytest.stepwise.StepwisePlugin object at 0x03992658>
          manager: <_pytest.config.PytestPluginManager object at 0x026D4AC0>
      finish pytest_plugin_registered --> [] [hook]
    early skip of rewriting module: pdb [assertion]
    early skip of rewriting module: cmd [assertion]
    early skip of rewriting module: code [assertion]
    early skip of rewriting module: codeop [assertion]
      pytest_plugin_registered [hook]
          plugin: <_pytest.config.PytestPluginManager object at 0x026D4AC0>
          manager: <_pytest.config.PytestPluginManager object at 0x026D4AC0>
      finish pytest_plugin_registered --> [] [hook]
      pytest_plugin_registered [hook]
          plugin: <_pytest.config.Config object at 0x034B1520>
          manager: <_pytest.config.PytestPluginManager object at 0x026D4AC0>
      finish pytest_plugin_registered --> [] [hook]
      pytest_plugin_registered [hook]
          plugin: <module '_pytest.mark' from 'c:\\users\\rajra\\documents\\corndel\\devops-course-starter\\env\\lib\\site-packages\\_pytest\\mark\\__init__.py'>
          manager: <_pytest.config.PytestPluginManager object at 0x026D4AC0>
      finish pytest_plugin_registered --> [] [hook]
      pytest_plugin_registered [hook]
          plugin: <module '_pytest.main' from 'c:\\users\\rajra\\documents\\corndel\\devops-course-starter\\env\\lib\\site-packages\\_pytest\\main.py'>
          manager: <_pytest.config.PytestPluginManager object at 0x026D4AC0>
      finish pytest_plugin_registered --> [] [hook]
      pytest_plugin_registered [hook]
          plugin: <module '_pytest.runner' from 'c:\\users\\rajra\\documents\\corndel\\devops-course-starter\\env\\lib\\site-packages\\_pytest\\runner.py'>
          manager: <_pytest.config.PytestPluginManager object at 0x026D4AC0>
      finish pytest_plugin_registered --> [] [hook]
      pytest_plugin_registered [hook]
          plugin: <module '_pytest.fixtures' from 'c:\\users\\rajra\\documents\\corndel\\devops-course-starter\\env\\lib\\site-packages\\_pytest\\fixtures.py'>
          manager: <_pytest.config.PytestPluginManager object at 0x026D4AC0>
      finish pytest_plugin_registered --> [] [hook]
      pytest_plugin_registered [hook]
          plugin: <module '_pytest.helpconfig' from 'c:\\users\\rajra\\documents\\corndel\\devops-course-starter\\env\\lib\\site-packages\\_pytest\\helpconfig.py'>
          manager: <_pytest.config.PytestPluginManager object at 0x026D4AC0>
      finish pytest_plugin_registered --> [] [hook]
      pytest_plugin_registered [hook]
          plugin: <module '_pytest.python' from 'c:\\users\\rajra\\documents\\corndel\\devops-course-starter\\env\\lib\\site-packages\\_pytest\\python.py'>
          manager: <_pytest.config.PytestPluginManager object at 0x026D4AC0>
      finish pytest_plugin_registered --> [] [hook]
      pytest_plugin_registered [hook]
          plugin: <module '_pytest.terminal' from 'c:\\users\\rajra\\documents\\corndel\\devops-course-starter\\env\\lib\\site-packages\\_pytest\\terminal.py'>
          manager: <_pytest.config.PytestPluginManager object at 0x026D4AC0>
      finish pytest_plugin_registered --> [] [hook]
      pytest_plugin_registered [hook]
          plugin: <module '_pytest.debugging' from 'c:\\users\\rajra\\documents\\corndel\\devops-course-starter\\env\\lib\\site-packages\\_pytest\\debugging.py'>
          manager: <_pytest.config.PytestPluginManager object at 0x026D4AC0>
      finish pytest_plugin_registered --> [] [hook]
      pytest_plugin_registered [hook]
          plugin: <module '_pytest.unittest' from 'c:\\users\\rajra\\documents\\corndel\\devops-course-starter\\env\\lib\\site-packages\\_pytest\\unittest.py'>
          manager: <_pytest.config.PytestPluginManager object at 0x026D4AC0>
      finish pytest_plugin_registered --> [] [hook]
      pytest_plugin_registered [hook]
          plugin: <module '_pytest.capture' from 'c:\\users\\rajra\\documents\\corndel\\devops-course-starter\\env\\lib\\site-packages\\_pytest\\capture.py'>
          manager: <_pytest.config.PytestPluginManager object at 0x026D4AC0>
      finish pytest_plugin_registered --> [] [hook]
      pytest_plugin_registered [hook]
          plugin: <module '_pytest.skipping' from 'c:\\users\\rajra\\documents\\corndel\\devops-course-starter\\env\\lib\\site-packages\\_pytest\\skipping.py'>
          manager: <_pytest.config.PytestPluginManager object at 0x026D4AC0>
      finish pytest_plugin_registered --> [] [hook]
      pytest_plugin_registered [hook]
          plugin: <module '_pytest.tmpdir' from 'c:\\users\\rajra\\documents\\corndel\\devops-course-starter\\env\\lib\\site-packages\\_pytest\\tmpdir.py'>
          manager: <_pytest.config.PytestPluginManager object at 0x026D4AC0>
      finish pytest_plugin_registered --> [] [hook]
      pytest_plugin_registered [hook]
          plugin: <module '_pytest.monkeypatch' from 'c:\\users\\rajra\\documents\\corndel\\devops-course-starter\\env\\lib\\site-packages\\_pytest\\monkeypatch.py'>
          manager: <_pytest.config.PytestPluginManager object at 0x026D4AC0>
      finish pytest_plugin_registered --> [] [hook]
      pytest_plugin_registered [hook]
          plugin: <module '_pytest.recwarn' from 'c:\\users\\rajra\\documents\\corndel\\devops-course-starter\\env\\lib\\site-packages\\_pytest\\recwarn.py'>
          manager: <_pytest.config.PytestPluginManager object at 0x026D4AC0>
      finish pytest_plugin_registered --> [] [hook]
      pytest_plugin_registered [hook]
          plugin: <module '_pytest.pastebin' from 'c:\\users\\rajra\\documents\\corndel\\devops-course-starter\\env\\lib\\site-packages\\_pytest\\pastebin.py'>
          manager: <_pytest.config.PytestPluginManager object at 0x026D4AC0>
      finish pytest_plugin_registered --> [] [hook]
      pytest_plugin_registered [hook]
          plugin: <module '_pytest.nose' from 'c:\\users\\rajra\\documents\\corndel\\devops-course-starter\\env\\lib\\site-packages\\_pytest\\nose.py'>
          manager: <_pytest.config.PytestPluginManager object at 0x026D4AC0>
      finish pytest_plugin_registered --> [] [hook]
      pytest_plugin_registered [hook]
          plugin: <module '_pytest.assertion' from 'c:\\users\\rajra\\documents\\corndel\\devops-course-starter\\env\\lib\\site-packages\\_pytest\\assertion\\__init__.py'>
          manager: <_pytest.config.PytestPluginManager object at 0x026D4AC0>
      finish pytest_plugin_registered --> [] [hook]
      pytest_plugin_registered [hook]
          plugin: <module '_pytest.junitxml' from 'c:\\users\\rajra\\documents\\corndel\\devops-course-starter\\env\\lib\\site-packages\\_pytest\\junitxml.py'>
          manager: <_pytest.config.PytestPluginManager object at 0x026D4AC0>
      finish pytest_plugin_registered --> [] [hook]
      pytest_plugin_registered [hook]
          plugin: <module '_pytest.resultlog' from 'c:\\users\\rajra\\documents\\corndel\\devops-course-starter\\env\\lib\\site-packages\\_pytest\\resultlog.py'>
          manager: <_pytest.config.PytestPluginManager object at 0x026D4AC0>
      finish pytest_plugin_registered --> [] [hook]
      pytest_plugin_registered [hook]
          plugin: <module '_pytest.doctest' from 'c:\\users\\rajra\\documents\\corndel\\devops-course-starter\\env\\lib\\site-packages\\_pytest\\doctest.py'>
          manager: <_pytest.config.PytestPluginManager object at 0x026D4AC0>
      finish pytest_plugin_registered --> [] [hook]
      pytest_plugin_registered [hook]
          plugin: <module '_pytest.cacheprovider' from 'c:\\users\\rajra\\documents\\corndel\\devops-course-starter\\env\\lib\\site-packages\\_pytest\\cacheprovider.py'>
          manager: <_pytest.config.PytestPluginManager object at 0x026D4AC0>
      finish pytest_plugin_registered --> [] [hook]
      pytest_plugin_registered [hook]
          plugin: <module '_pytest.freeze_support' from 'c:\\users\\rajra\\documents\\corndel\\devops-course-starter\\env\\lib\\site-packages\\_pytest\\freeze_support.py'>
          manager: <_pytest.config.PytestPluginManager object at 0x026D4AC0>
      finish pytest_plugin_registered --> [] [hook]
      pytest_plugin_registered [hook]
          plugin: <module '_pytest.setuponly' from 'c:\\users\\rajra\\documents\\corndel\\devops-course-starter\\env\\lib\\site-packages\\_pytest\\setuponly.py'>
          manager: <_pytest.config.PytestPluginManager object at 0x026D4AC0>
      finish pytest_plugin_registered --> [] [hook]
      pytest_plugin_registered [hook]
          plugin: <module '_pytest.setupplan' from 'c:\\users\\rajra\\documents\\corndel\\devops-course-starter\\env\\lib\\site-packages\\_pytest\\setupplan.py'>
          manager: <_pytest.config.PytestPluginManager object at 0x026D4AC0>
      finish pytest_plugin_registered --> [] [hook]
      pytest_plugin_registered [hook]
          plugin: <module '_pytest.stepwise' from 'c:\\users\\rajra\\documents\\corndel\\devops-course-starter\\env\\lib\\site-packages\\_pytest\\stepwise.py'>
          manager: <_pytest.config.PytestPluginManager object at 0x026D4AC0>
      finish pytest_plugin_registered --> [] [hook]
      pytest_plugin_registered [hook]
          plugin: <module '_pytest.warnings' from 'c:\\users\\rajra\\documents\\corndel\\devops-course-starter\\env\\lib\\site-packages\\_pytest\\warnings.py'>
          manager: <_pytest.config.PytestPluginManager object at 0x026D4AC0>
      finish pytest_plugin_registered --> [] [hook]
      pytest_plugin_registered [hook]
          plugin: <module '_pytest.logging' from 'c:\\users\\rajra\\documents\\corndel\\devops-course-starter\\env\\lib\\site-packages\\_pytest\\logging.py'>
          manager: <_pytest.config.PytestPluginManager object at 0x026D4AC0>
      finish pytest_plugin_registered --> [] [hook]
      pytest_plugin_registered [hook]
          plugin: <module '_pytest.reports' from 'c:\\users\\rajra\\documents\\corndel\\devops-course-starter\\env\\lib\\site-packages\\_pytest\\reports.py'>
          manager: <_pytest.config.PytestPluginManager object at 0x026D4AC0>
      finish pytest_plugin_registered --> [] [hook]
      pytest_plugin_registered [hook]
          plugin: <module '_pytest.faulthandler' from 'c:\\users\\rajra\\documents\\corndel\\devops-course-starter\\env\\lib\\site-packages\\_pytest\\faulthandler.py'>
          manager: <_pytest.config.PytestPluginManager object at 0x026D4AC0>
      finish pytest_plugin_registered --> [] [hook]
      pytest_plugin_registered [hook]
          plugin: <module 'pytest_shutil.workspace' from 'c:\\users\\rajra\\documents\\corndel\\devops-course-starter\\env\\lib\\site-packages\\pytest_shutil\\workspace.py'>
          manager: <_pytest.config.PytestPluginManager object at 0x026D4AC0>
      finish pytest_plugin_registered --> [] [hook]
      pytest_plugin_registered [hook]
          plugin: <module 'pytest_virtualenv' from 'c:\\users\\rajra\\documents\\corndel\\devops-course-starter\\env\\lib\\site-packages\\pytest_virtualenv.py'>
          manager: <_pytest.config.PytestPluginManager object at 0x026D4AC0>
      finish pytest_plugin_registered --> [] [hook]
      pytest_plugin_registered [hook]
          plugin: <CaptureManager _method='fd' _global_capturing=<MultiCapture out=<FDCapture 1 oldfd=8 _state='suspended' tmpfile=<_io.TextIOWrapper name='<tempfile._TemporaryFileWrapper object at 0x039611F0>' mode='r+' encoding='utf-8'>> err=<FDCapture 2 oldfd=10 _state='suspended' tmpfile=<_io.TextIOWrapper name='<tempfile._TemporaryFileWrapper object at 0x039789A0>' mode='r+' encoding='utf-8'>> in_=<FDCapture 0 oldfd=6 _state='started' tmpfile=<_io.TextIOWrapper name='nul' mode='r' encoding='cp1252'>> _state='suspended' _in_suspended=False> _capture_fixture=None>
          manager: <_pytest.config.PytestPluginManager object at 0x026D4AC0>
      finish pytest_plugin_registered --> [] [hook]
      pytest_plugin_registered [hook]
          plugin: <Session DevOps-Course-Starter exitstatus=<ExitCode.OK: 0> testsfailed=0 testscollected=0>
          manager: <_pytest.config.PytestPluginManager object at 0x026D4AC0>
      finish pytest_plugin_registered --> [] [hook]
      pytest_plugin_registered [hook]
          plugin: <_pytest.cacheprovider.LFPlugin object at 0x03992A00>
          manager: <_pytest.config.PytestPluginManager object at 0x026D4AC0>
      finish pytest_plugin_registered --> [] [hook]
      pytest_plugin_registered [hook]
          plugin: <_pytest.cacheprovider.NFPlugin object at 0x03992AD8>
          manager: <_pytest.config.PytestPluginManager object at 0x026D4AC0>
      finish pytest_plugin_registered --> [] [hook]
      pytest_plugin_registered [hook]
          plugin: <_pytest.faulthandler.FaultHandlerHooks object at 0x03992B50>
          manager: <_pytest.config.PytestPluginManager object at 0x026D4AC0>
      finish pytest_plugin_registered --> [] [hook]
      pytest_plugin_registered [hook]
          plugin: <_pytest.stepwise.StepwisePlugin object at 0x03992658>
          manager: <_pytest.config.PytestPluginManager object at 0x026D4AC0>
      finish pytest_plugin_registered --> [] [hook]
      pytest_plugin_registered [hook]
          plugin: <_pytest.terminal.TerminalReporter object at 0x03992E08>
          manager: <_pytest.config.PytestPluginManager object at 0x026D4AC0>
      finish pytest_plugin_registered --> [] [hook]
      pytest_plugin_registered [hook]
          plugin: <_pytest.logging.LoggingPlugin object at 0x039A19A0>
          manager: <_pytest.config.PytestPluginManager object at 0x026D4AC0>
      finish pytest_plugin_registered --> [] [hook]
    finish pytest_configure --> [] [hook]
    pytest_sessionstart [hook]
        session: <Session DevOps-Course-Starter exitstatus=<ExitCode.OK: 0> testsfailed=0 testscollected=0>
      pytest_plugin_registered [hook]
          plugin: <_pytest.config.PytestPluginManager object at 0x026D4AC0>
          manager: <_pytest.config.PytestPluginManager object at 0x026D4AC0>
      finish pytest_plugin_registered --> [] [hook]
      pytest_plugin_registered [hook]
          plugin: <_pytest.config.Config object at 0x034B1520>
          manager: <_pytest.config.PytestPluginManager object at 0x026D4AC0>
      finish pytest_plugin_registered --> [] [hook]
      pytest_plugin_registered [hook]
          plugin: <module '_pytest.mark' from 'c:\\users\\rajra\\documents\\corndel\\devops-course-starter\\env\\lib\\site-packages\\_pytest\\mark\\__init__.py'>
          manager: <_pytest.config.PytestPluginManager object at 0x026D4AC0>
      finish pytest_plugin_registered --> [] [hook]
      pytest_plugin_registered [hook]
          plugin: <module '_pytest.main' from 'c:\\users\\rajra\\documents\\corndel\\devops-course-starter\\env\\lib\\site-packages\\_pytest\\main.py'>
          manager: <_pytest.config.PytestPluginManager object at 0x026D4AC0>
      finish pytest_plugin_registered --> [] [hook]
      pytest_plugin_registered [hook]
          plugin: <module '_pytest.runner' from 'c:\\users\\rajra\\documents\\corndel\\devops-course-starter\\env\\lib\\site-packages\\_pytest\\runner.py'>
          manager: <_pytest.config.PytestPluginManager object at 0x026D4AC0>
      finish pytest_plugin_registered --> [] [hook]
      pytest_plugin_registered [hook]
          plugin: <module '_pytest.fixtures' from 'c:\\users\\rajra\\documents\\corndel\\devops-course-starter\\env\\lib\\site-packages\\_pytest\\fixtures.py'>
          manager: <_pytest.config.PytestPluginManager object at 0x026D4AC0>
      finish pytest_plugin_registered --> [] [hook]
      pytest_plugin_registered [hook]
          plugin: <module '_pytest.helpconfig' from 'c:\\users\\rajra\\documents\\corndel\\devops-course-starter\\env\\lib\\site-packages\\_pytest\\helpconfig.py'>
          manager: <_pytest.config.PytestPluginManager object at 0x026D4AC0>
      finish pytest_plugin_registered --> [] [hook]
      pytest_plugin_registered [hook]
          plugin: <module '_pytest.python' from 'c:\\users\\rajra\\documents\\corndel\\devops-course-starter\\env\\lib\\site-packages\\_pytest\\python.py'>
          manager: <_pytest.config.PytestPluginManager object at 0x026D4AC0>
      finish pytest_plugin_registered --> [] [hook]
      pytest_plugin_registered [hook]
          plugin: <module '_pytest.terminal' from 'c:\\users\\rajra\\documents\\corndel\\devops-course-starter\\env\\lib\\site-packages\\_pytest\\terminal.py'>
          manager: <_pytest.config.PytestPluginManager object at 0x026D4AC0>
      finish pytest_plugin_registered --> [] [hook]
      pytest_plugin_registered [hook]
          plugin: <module '_pytest.debugging' from 'c:\\users\\rajra\\documents\\corndel\\devops-course-starter\\env\\lib\\site-packages\\_pytest\\debugging.py'>
          manager: <_pytest.config.PytestPluginManager object at 0x026D4AC0>
      finish pytest_plugin_registered --> [] [hook]
      pytest_plugin_registered [hook]
          plugin: <module '_pytest.unittest' from 'c:\\users\\rajra\\documents\\corndel\\devops-course-starter\\env\\lib\\site-packages\\_pytest\\unittest.py'>
          manager: <_pytest.config.PytestPluginManager object at 0x026D4AC0>
      finish pytest_plugin_registered --> [] [hook]
      pytest_plugin_registered [hook]
          plugin: <module '_pytest.capture' from 'c:\\users\\rajra\\documents\\corndel\\devops-course-starter\\env\\lib\\site-packages\\_pytest\\capture.py'>
          manager: <_pytest.config.PytestPluginManager object at 0x026D4AC0>
      finish pytest_plugin_registered --> [] [hook]
      pytest_plugin_registered [hook]
          plugin: <module '_pytest.skipping' from 'c:\\users\\rajra\\documents\\corndel\\devops-course-starter\\env\\lib\\site-packages\\_pytest\\skipping.py'>
          manager: <_pytest.config.PytestPluginManager object at 0x026D4AC0>
      finish pytest_plugin_registered --> [] [hook]
      pytest_plugin_registered [hook]
          plugin: <module '_pytest.tmpdir' from 'c:\\users\\rajra\\documents\\corndel\\devops-course-starter\\env\\lib\\site-packages\\_pytest\\tmpdir.py'>
          manager: <_pytest.config.PytestPluginManager object at 0x026D4AC0>
      finish pytest_plugin_registered --> [] [hook]
      pytest_plugin_registered [hook]
          plugin: <module '_pytest.monkeypatch' from 'c:\\users\\rajra\\documents\\corndel\\devops-course-starter\\env\\lib\\site-packages\\_pytest\\monkeypatch.py'>
          manager: <_pytest.config.PytestPluginManager object at 0x026D4AC0>
      finish pytest_plugin_registered --> [] [hook]
      pytest_plugin_registered [hook]
          plugin: <module '_pytest.recwarn' from 'c:\\users\\rajra\\documents\\corndel\\devops-course-starter\\env\\lib\\site-packages\\_pytest\\recwarn.py'>
          manager: <_pytest.config.PytestPluginManager object at 0x026D4AC0>
      finish pytest_plugin_registered --> [] [hook]
      pytest_plugin_registered [hook]
          plugin: <module '_pytest.pastebin' from 'c:\\users\\rajra\\documents\\corndel\\devops-course-starter\\env\\lib\\site-packages\\_pytest\\pastebin.py'>
          manager: <_pytest.config.PytestPluginManager object at 0x026D4AC0>
      finish pytest_plugin_registered --> [] [hook]
      pytest_plugin_registered [hook]
          plugin: <module '_pytest.nose' from 'c:\\users\\rajra\\documents\\corndel\\devops-course-starter\\env\\lib\\site-packages\\_pytest\\nose.py'>
          manager: <_pytest.config.PytestPluginManager object at 0x026D4AC0>
      finish pytest_plugin_registered --> [] [hook]
      pytest_plugin_registered [hook]
          plugin: <module '_pytest.assertion' from 'c:\\users\\rajra\\documents\\corndel\\devops-course-starter\\env\\lib\\site-packages\\_pytest\\assertion\\__init__.py'>
          manager: <_pytest.config.PytestPluginManager object at 0x026D4AC0>
      finish pytest_plugin_registered --> [] [hook]
      pytest_plugin_registered [hook]
          plugin: <module '_pytest.junitxml' from 'c:\\users\\rajra\\documents\\corndel\\devops-course-starter\\env\\lib\\site-packages\\_pytest\\junitxml.py'>
          manager: <_pytest.config.PytestPluginManager object at 0x026D4AC0>
      finish pytest_plugin_registered --> [] [hook]
      pytest_plugin_registered [hook]
          plugin: <module '_pytest.resultlog' from 'c:\\users\\rajra\\documents\\corndel\\devops-course-starter\\env\\lib\\site-packages\\_pytest\\resultlog.py'>
          manager: <_pytest.config.PytestPluginManager object at 0x026D4AC0>
      finish pytest_plugin_registered --> [] [hook]
      pytest_plugin_registered [hook]
          plugin: <module '_pytest.doctest' from 'c:\\users\\rajra\\documents\\corndel\\devops-course-starter\\env\\lib\\site-packages\\_pytest\\doctest.py'>
          manager: <_pytest.config.PytestPluginManager object at 0x026D4AC0>
      finish pytest_plugin_registered --> [] [hook]
      pytest_plugin_registered [hook]
          plugin: <module '_pytest.cacheprovider' from 'c:\\users\\rajra\\documents\\corndel\\devops-course-starter\\env\\lib\\site-packages\\_pytest\\cacheprovider.py'>
          manager: <_pytest.config.PytestPluginManager object at 0x026D4AC0>
      finish pytest_plugin_registered --> [] [hook]
      pytest_plugin_registered [hook]
          plugin: <module '_pytest.freeze_support' from 'c:\\users\\rajra\\documents\\corndel\\devops-course-starter\\env\\lib\\site-packages\\_pytest\\freeze_support.py'>
          manager: <_pytest.config.PytestPluginManager object at 0x026D4AC0>
      finish pytest_plugin_registered --> [] [hook]
      pytest_plugin_registered [hook]
          plugin: <module '_pytest.setuponly' from 'c:\\users\\rajra\\documents\\corndel\\devops-course-starter\\env\\lib\\site-packages\\_pytest\\setuponly.py'>
          manager: <_pytest.config.PytestPluginManager object at 0x026D4AC0>
      finish pytest_plugin_registered --> [] [hook]
      pytest_plugin_registered [hook]
          plugin: <module '_pytest.setupplan' from 'c:\\users\\rajra\\documents\\corndel\\devops-course-starter\\env\\lib\\site-packages\\_pytest\\setupplan.py'>
          manager: <_pytest.config.PytestPluginManager object at 0x026D4AC0>
      finish pytest_plugin_registered --> [] [hook]
      pytest_plugin_registered [hook]
          plugin: <module '_pytest.stepwise' from 'c:\\users\\rajra\\documents\\corndel\\devops-course-starter\\env\\lib\\site-packages\\_pytest\\stepwise.py'>
          manager: <_pytest.config.PytestPluginManager object at 0x026D4AC0>
      finish pytest_plugin_registered --> [] [hook]
      pytest_plugin_registered [hook]
          plugin: <module '_pytest.warnings' from 'c:\\users\\rajra\\documents\\corndel\\devops-course-starter\\env\\lib\\site-packages\\_pytest\\warnings.py'>
          manager: <_pytest.config.PytestPluginManager object at 0x026D4AC0>
      finish pytest_plugin_registered --> [] [hook]
      pytest_plugin_registered [hook]
          plugin: <module '_pytest.logging' from 'c:\\users\\rajra\\documents\\corndel\\devops-course-starter\\env\\lib\\site-packages\\_pytest\\logging.py'>
          manager: <_pytest.config.PytestPluginManager object at 0x026D4AC0>
      finish pytest_plugin_registered --> [] [hook]
      pytest_plugin_registered [hook]
          plugin: <module '_pytest.reports' from 'c:\\users\\rajra\\documents\\corndel\\devops-course-starter\\env\\lib\\site-packages\\_pytest\\reports.py'>
          manager: <_pytest.config.PytestPluginManager object at 0x026D4AC0>
      finish pytest_plugin_registered --> [] [hook]
      pytest_plugin_registered [hook]
          plugin: <module '_pytest.faulthandler' from 'c:\\users\\rajra\\documents\\corndel\\devops-course-starter\\env\\lib\\site-packages\\_pytest\\faulthandler.py'>
          manager: <_pytest.config.PytestPluginManager object at 0x026D4AC0>
      finish pytest_plugin_registered --> [] [hook]
      pytest_plugin_registered [hook]
          plugin: <module 'pytest_shutil.workspace' from 'c:\\users\\rajra\\documents\\corndel\\devops-course-starter\\env\\lib\\site-packages\\pytest_shutil\\workspace.py'>
          manager: <_pytest.config.PytestPluginManager object at 0x026D4AC0>
      finish pytest_plugin_registered --> [] [hook]
      pytest_plugin_registered [hook]
          plugin: <module 'pytest_virtualenv' from 'c:\\users\\rajra\\documents\\corndel\\devops-course-starter\\env\\lib\\site-packages\\pytest_virtualenv.py'>
          manager: <_pytest.config.PytestPluginManager object at 0x026D4AC0>
      finish pytest_plugin_registered --> [] [hook]
      pytest_plugin_registered [hook]
          plugin: <CaptureManager _method='fd' _global_capturing=<MultiCapture out=<FDCapture 1 oldfd=8 _state='suspended' tmpfile=<_io.TextIOWrapper name='<tempfile._TemporaryFileWrapper object at 0x039611F0>' mode='r+' encoding='utf-8'>> err=<FDCapture 2 oldfd=10 _state='suspended' tmpfile=<_io.TextIOWrapper name='<tempfile._TemporaryFileWrapper object at 0x039789A0>' mode='r+' encoding='utf-8'>> in_=<FDCapture 0 oldfd=6 _state='started' tmpfile=<_io.TextIOWrapper name='nul' mode='r' encoding='cp1252'>> _state='suspended' _in_suspended=False> _capture_fixture=None>
          manager: <_pytest.config.PytestPluginManager object at 0x026D4AC0>
      finish pytest_plugin_registered --> [] [hook]
      pytest_plugin_registered [hook]
          plugin: <Session DevOps-Course-Starter exitstatus=<ExitCode.OK: 0> testsfailed=0 testscollected=0>
          manager: <_pytest.config.PytestPluginManager object at 0x026D4AC0>
      finish pytest_plugin_registered --> [] [hook]
      pytest_plugin_registered [hook]
          plugin: <_pytest.cacheprovider.LFPlugin object at 0x03992A00>
          manager: <_pytest.config.PytestPluginManager object at 0x026D4AC0>
      finish pytest_plugin_registered --> [] [hook]
      pytest_plugin_registered [hook]
          plugin: <_pytest.cacheprovider.NFPlugin object at 0x03992AD8>
          manager: <_pytest.config.PytestPluginManager object at 0x026D4AC0>
      finish pytest_plugin_registered --> [] [hook]
      pytest_plugin_registered [hook]
          plugin: <_pytest.faulthandler.FaultHandlerHooks object at 0x03992B50>
          manager: <_pytest.config.PytestPluginManager object at 0x026D4AC0>
      finish pytest_plugin_registered --> [] [hook]
      pytest_plugin_registered [hook]
          plugin: <_pytest.stepwise.StepwisePlugin object at 0x03992658>
          manager: <_pytest.config.PytestPluginManager object at 0x026D4AC0>
      finish pytest_plugin_registered --> [] [hook]
      pytest_plugin_registered [hook]
          plugin: <_pytest.terminal.TerminalReporter object at 0x03992E08>
          manager: <_pytest.config.PytestPluginManager object at 0x026D4AC0>
      finish pytest_plugin_registered --> [] [hook]
      pytest_plugin_registered [hook]
          plugin: <_pytest.logging.LoggingPlugin object at 0x039A19A0>
          manager: <_pytest.config.PytestPluginManager object at 0x026D4AC0>
      finish pytest_plugin_registered --> [] [hook]
      pytest_plugin_registered [hook]
          plugin: <_pytest.fixtures.FixtureManager object at 0x039C3280>
          manager: <_pytest.config.PytestPluginManager object at 0x026D4AC0>
      finish pytest_plugin_registered --> [] [hook]
      pytest_report_header [hook]
          config: <_pytest.config.Config object at 0x034B1520>
          startdir: C:\Users\rajra\Documents\Corndel\DevOps-Course-Starter
      early skip of rewriting module: email.message [assertion]
      early skip of rewriting module: uu [assertion]
      early skip of rewriting module: email._encoded_words [assertion]
      early skip of rewriting module: email.iterators [assertion]
      finish pytest_report_header --> [['rootdir: C:\\Users\\rajra\\Documents\\Corndel\\DevOps-Course-Starter', 'plugins: shutil-1.7.0, virtualenv-1.7.0'], ['using: pytest-6.0.1 pylib-1.9.0', 'setuptools registered plugins:', '  pytest-shutil-1.7.0 at c:\\users\\rajra\\documents\\corndel\\devops-course-starter\\env\\lib\\site-packages\\pytest_shutil\\workspace.py', '  pytest-virtualenv-1.7.0 at c:\\users\\rajra\\documents\\corndel\\devops-course-starter\\env\\lib\\site-packages\\pytest_virtualenv.py']] [hook]
    finish pytest_sessionstart --> [] [hook]
    pytest_collection [hook]
        session: <Session DevOps-Course-Starter exitstatus=<ExitCode.OK: 0> testsfailed=0 testscollected=0>
    perform_collect <Session DevOps-Course-Starter exitstatus=<ExitCode.OK: 0> testsfailed=0 testscollected=0> ['C:\\Users\\rajra\\Documents\\Corndel\\DevOps-Course-Starter'] [collection]
        pytest_collectstart [hook]
            collector: <Session DevOps-Course-Starter exitstatus=<ExitCode.OK: 0> testsfailed=0 testscollected=0>
        finish pytest_collectstart --> [] [hook]
        pytest_make_collect_report [hook]
            collector: <Session DevOps-Course-Starter exitstatus=<ExitCode.OK: 0> testsfailed=0 testscollected=0>
        processing argument (local('C:\\Users\\rajra\\Documents\\Corndel\\DevOps-Course-Starter'), []) [collection]
            pytest_ignore_collect [hook]
                path: C:\Users\rajra\Documents\Corndel\DevOps-Course-Starter\.git
                config: <_pytest.config.Config object at 0x034B1520>
            finish pytest_ignore_collect --> None [hook]
          early skip of rewriting module: py._code [assertion]
          early skip of rewriting module: py._code.code [assertion]
          early skip of rewriting module: repr [assertion]
            pytest_ignore_collect [hook]
                path: C:\Users\rajra\Documents\Corndel\DevOps-Course-Starter\.pytest_cache
                config: <_pytest.config.Config object at 0x034B1520>
            finish pytest_ignore_collect --> None [hook]
            pytest_ignore_collect [hook]
                path: C:\Users\rajra\Documents\Corndel\DevOps-Course-Starter\.vscode
                config: <_pytest.config.Config object at 0x034B1520>
            finish pytest_ignore_collect --> None [hook]
            pytest_ignore_collect [hook]
                path: C:\Users\rajra\Documents\Corndel\DevOps-Course-Starter\env
                config: <_pytest.config.Config object at 0x034B1520>
            finish pytest_ignore_collect --> True [hook]
            pytest_ignore_collect [hook]
                path: C:\Users\rajra\Documents\Corndel\DevOps-Course-Starter\templates
                config: <_pytest.config.Config object at 0x034B1520>
            finish pytest_ignore_collect --> None [hook]
            pytest_collect_directory [hook]
                path: C:\Users\rajra\Documents\Corndel\DevOps-Course-Starter\templates
                parent: <Session DevOps-Course-Starter exitstatus=<ExitCode.OK: 0> testsfailed=0 testscollected=0>
            finish pytest_collect_directory --> None [hook]
            pytest_ignore_collect [hook]
                path: C:\Users\rajra\Documents\Corndel\DevOps-Course-Starter\tests
                config: <_pytest.config.Config object at 0x034B1520>
            finish pytest_ignore_collect --> None [hook]
            pytest_collect_directory [hook]
                path: C:\Users\rajra\Documents\Corndel\DevOps-Course-Starter\tests
                parent: <Session DevOps-Course-Starter exitstatus=<ExitCode.OK: 0> testsfailed=0 testscollected=0>
            finish pytest_collect_directory --> None [hook]
            pytest_ignore_collect [hook]
                path: C:\Users\rajra\Documents\Corndel\DevOps-Course-Starter\views
                config: <_pytest.config.Config object at 0x034B1520>
            finish pytest_ignore_collect --> None [hook]
            pytest_collect_directory [hook]
                path: C:\Users\rajra\Documents\Corndel\DevOps-Course-Starter\views
                parent: <Session DevOps-Course-Starter exitstatus=<ExitCode.OK: 0> testsfailed=0 testscollected=0>
            finish pytest_collect_directory --> None [hook]
            pytest_ignore_collect [hook]
                path: C:\Users\rajra\Documents\Corndel\DevOps-Course-Starter\.env
                config: <_pytest.config.Config object at 0x034B1520>
            finish pytest_ignore_collect --> None [hook]
            pytest_collect_file [hook]
                path: C:\Users\rajra\Documents\Corndel\DevOps-Course-Starter\.env
                parent: <Session DevOps-Course-Starter exitstatus=<ExitCode.OK: 0> testsfailed=0 testscollected=0>
            finish pytest_collect_file --> [] [hook]
            pytest_ignore_collect [hook]
                path: C:\Users\rajra\Documents\Corndel\DevOps-Course-Starter\.env.template
                config: <_pytest.config.Config object at 0x034B1520>
            finish pytest_ignore_collect --> None [hook]
            pytest_collect_file [hook]
                path: C:\Users\rajra\Documents\Corndel\DevOps-Course-Starter\.env.template
                parent: <Session DevOps-Course-Starter exitstatus=<ExitCode.OK: 0> testsfailed=0 testscollected=0>
            finish pytest_collect_file --> [] [hook]
            pytest_ignore_collect [hook]
                path: C:\Users\rajra\Documents\Corndel\DevOps-Course-Starter\.env.test
                config: <_pytest.config.Config object at 0x034B1520>
            finish pytest_ignore_collect --> None [hook]
            pytest_collect_file [hook]
                path: C:\Users\rajra\Documents\Corndel\DevOps-Course-Starter\.env.test
                parent: <Session DevOps-Course-Starter exitstatus=<ExitCode.OK: 0> testsfailed=0 testscollected=0>
            finish pytest_collect_file --> [] [hook]
            pytest_ignore_collect [hook]
                path: C:\Users\rajra\Documents\Corndel\DevOps-Course-Starter\.gitignore
                config: <_pytest.config.Config object at 0x034B1520>
            finish pytest_ignore_collect --> None [hook]
            pytest_collect_file [hook]
                path: C:\Users\rajra\Documents\Corndel\DevOps-Course-Starter\.gitignore
                parent: <Session DevOps-Course-Starter exitstatus=<ExitCode.OK: 0> testsfailed=0 testscollected=0>
            finish pytest_collect_file --> [] [hook]
            pytest_ignore_collect [hook]
                path: C:\Users\rajra\Documents\Corndel\DevOps-Course-Starter\ItemsViewModel.py
                config: <_pytest.config.Config object at 0x034B1520>
            finish pytest_ignore_collect --> None [hook]
            pytest_collect_file [hook]
                path: C:\Users\rajra\Documents\Corndel\DevOps-Course-Starter\ItemsViewModel.py
                parent: <Session DevOps-Course-Starter exitstatus=<ExitCode.OK: 0> testsfailed=0 testscollected=0>
            finish pytest_collect_file --> [] [hook]
            pytest_ignore_collect [hook]
                path: C:\Users\rajra\Documents\Corndel\DevOps-Course-Starter\README.md
                config: <_pytest.config.Config object at 0x034B1520>
            finish pytest_ignore_collect --> None [hook]
            pytest_collect_file [hook]
                path: C:\Users\rajra\Documents\Corndel\DevOps-Course-Starter\README.md
                parent: <Session DevOps-Course-Starter exitstatus=<ExitCode.OK: 0> testsfailed=0 testscollected=0>
            finish pytest_collect_file --> [] [hook]
            pytest_ignore_collect [hook]
                path: C:\Users\rajra\Documents\Corndel\DevOps-Course-Starter\app.py
                config: <_pytest.config.Config object at 0x034B1520>
            finish pytest_ignore_collect --> None [hook]
            pytest_collect_file [hook]
                path: C:\Users\rajra\Documents\Corndel\DevOps-Course-Starter\app.py
                parent: <Session DevOps-Course-Starter exitstatus=<ExitCode.OK: 0> testsfailed=0 testscollected=0>
            finish pytest_collect_file --> [] [hook]
            pytest_ignore_collect [hook]
                path: C:\Users\rajra\Documents\Corndel\DevOps-Course-Starter\flask_config.py
                config: <_pytest.config.Config object at 0x034B1520>
            finish pytest_ignore_collect --> None [hook]
            pytest_collect_file [hook]
                path: C:\Users\rajra\Documents\Corndel\DevOps-Course-Starter\flask_config.py
                parent: <Session DevOps-Course-Starter exitstatus=<ExitCode.OK: 0> testsfailed=0 testscollected=0>
            finish pytest_collect_file --> [] [hook]
            pytest_ignore_collect [hook]
                path: C:\Users\rajra\Documents\Corndel\DevOps-Course-Starter\items.py
                config: <_pytest.config.Config object at 0x034B1520>
            finish pytest_ignore_collect --> None [hook]
            pytest_collect_file [hook]
                path: C:\Users\rajra\Documents\Corndel\DevOps-Course-Starter\items.py
                parent: <Session DevOps-Course-Starter exitstatus=<ExitCode.OK: 0> testsfailed=0 testscollected=0>
            finish pytest_collect_file --> [] [hook]
            pytest_ignore_collect [hook]
                path: C:\Users\rajra\Documents\Corndel\DevOps-Course-Starter\pytestdebug.log
                config: <_pytest.config.Config object at 0x034B1520>
            finish pytest_ignore_collect --> None [hook]
            pytest_collect_file [hook]
                path: C:\Users\rajra\Documents\Corndel\DevOps-Course-Starter\pytestdebug.log
                parent: <Session DevOps-Course-Starter exitstatus=<ExitCode.OK: 0> testsfailed=0 testscollected=0>
            finish pytest_collect_file --> [] [hook]
            pytest_ignore_collect [hook]
                path: C:\Users\rajra\Documents\Corndel\DevOps-Course-Starter\requirements-frozen.txt
                config: <_pytest.config.Config object at 0x034B1520>
            finish pytest_ignore_collect --> None [hook]
            pytest_collect_file [hook]
                path: C:\Users\rajra\Documents\Corndel\DevOps-Course-Starter\requirements-frozen.txt
                parent: <Session DevOps-Course-Starter exitstatus=<ExitCode.OK: 0> testsfailed=0 testscollected=0>
            finish pytest_collect_file --> [] [hook]
            pytest_ignore_collect [hook]
                path: C:\Users\rajra\Documents\Corndel\DevOps-Course-Starter\requirements.txt
                config: <_pytest.config.Config object at 0x034B1520>
            finish pytest_ignore_collect --> None [hook]
            pytest_collect_file [hook]
                path: C:\Users\rajra\Documents\Corndel\DevOps-Course-Starter\requirements.txt
                parent: <Session DevOps-Course-Starter exitstatus=<ExitCode.OK: 0> testsfailed=0 testscollected=0>
            finish pytest_collect_file --> [] [hook]
            pytest_ignore_collect [hook]
                path: C:\Users\rajra\Documents\Corndel\DevOps-Course-Starter\session_items.py
                config: <_pytest.config.Config object at 0x034B1520>
            finish pytest_ignore_collect --> None [hook]
            pytest_collect_file [hook]
                path: C:\Users\rajra\Documents\Corndel\DevOps-Course-Starter\session_items.py
                parent: <Session DevOps-Course-Starter exitstatus=<ExitCode.OK: 0> testsfailed=0 testscollected=0>
            finish pytest_collect_file --> [] [hook]
            pytest_ignore_collect [hook]
                path: C:\Users\rajra\Documents\Corndel\DevOps-Course-Starter\setup.sh
                config: <_pytest.config.Config object at 0x034B1520>
            finish pytest_ignore_collect --> None [hook]
            pytest_collect_file [hook]
                path: C:\Users\rajra\Documents\Corndel\DevOps-Course-Starter\setup.sh
                parent: <Session DevOps-Course-Starter exitstatus=<ExitCode.OK: 0> testsfailed=0 testscollected=0>
            finish pytest_collect_file --> [] [hook]
            pytest_ignore_collect [hook]
                path: C:\Users\rajra\Documents\Corndel\DevOps-Course-Starter\templates\index.html
                config: <_pytest.config.Config object at 0x034B1520>
            finish pytest_ignore_collect --> None [hook]
            pytest_collect_file [hook]
                path: C:\Users\rajra\Documents\Corndel\DevOps-Course-Starter\templates\index.html
                parent: <Session DevOps-Course-Starter exitstatus=<ExitCode.OK: 0> testsfailed=0 testscollected=0>
            finish pytest_collect_file --> [] [hook]
            pytest_ignore_collect [hook]
                path: C:\Users\rajra\Documents\Corndel\DevOps-Course-Starter\templates\layout.html
                config: <_pytest.config.Config object at 0x034B1520>
            finish pytest_ignore_collect --> None [hook]
            pytest_collect_file [hook]
                path: C:\Users\rajra\Documents\Corndel\DevOps-Course-Starter\templates\layout.html
                parent: <Session DevOps-Course-Starter exitstatus=<ExitCode.OK: 0> testsfailed=0 testscollected=0>
            finish pytest_collect_file --> [] [hook]
            pytest_ignore_collect [hook]
                path: C:\Users\rajra\Documents\Corndel\DevOps-Course-Starter\tests\test_todoapp.py
                config: <_pytest.config.Config object at 0x034B1520>
            finish pytest_ignore_collect --> None [hook]
            pytest_collect_file [hook]
                path: C:\Users\rajra\Documents\Corndel\DevOps-Course-Starter\tests\test_todoapp.py
                parent: <Session DevOps-Course-Starter exitstatus=<ExitCode.OK: 0> testsfailed=0 testscollected=0>
              pytest_pycollect_makemodule [hook]
                  path: C:\Users\rajra\Documents\Corndel\DevOps-Course-Starter\tests\test_todoapp.py
                  parent: <Session DevOps-Course-Starter exitstatus=<ExitCode.OK: 0> testsfailed=0 testscollected=0>
              finish pytest_pycollect_makemodule --> <Module tests/test_todoapp.py> [hook]
            finish pytest_collect_file --> [<Module tests/test_todoapp.py>] [hook]
        finish pytest_make_collect_report --> <CollectReport '' lenresult=1 outcome='passed'> [hook]
        pytest_collectreport [hook]
            report: <CollectReport '' lenresult=1 outcome='passed'>
        finish pytest_collectreport --> [] [hook]
    genitems <Module tests/test_todoapp.py> [collection]
      pytest_collectstart [hook]
          collector: <Module tests/test_todoapp.py>
      finish pytest_collectstart --> [] [hook]
      pytest_make_collect_report [hook]
          collector: <Module tests/test_todoapp.py>
      find_module called for: test_todoapp [assertion]
      matched test file 'C:\\Users\\rajra\\Documents\\Corndel\\DevOps-Course-Starter\\tests\\test_todoapp.py' [assertion]
      found cached rewritten pyc for C:\Users\rajra\Documents\Corndel\DevOps-Course-Starter\tests\test_todoapp.py [assertion]
      early skip of rewriting module: requests [assertion]
      early skip of rewriting module: urllib3 [assertion]
      early skip of rewriting module: urllib3.connectionpool [assertion]
      early skip of rewriting module: urllib3.exceptions [assertion]
      early skip of rewriting module: urllib3.packages [assertion]
      early skip of rewriting module: urllib3.packages.ssl_match_hostname [assertion]
      early skip of rewriting module: urllib3.packages.six [assertion]
      early skip of rewriting module: urllib3.packages.six.moves [assertion]
      early skip of rewriting module: urllib3.packages.six.moves.http_client [assertion]
      early skip of rewriting module: http [assertion]
      early skip of rewriting module: http.client [assertion]
      early skip of rewriting module: urllib3.connection [assertion]
      early skip of rewriting module: urllib3.util [assertion]
      early skip of rewriting module: urllib3.util.connection [assertion]
      early skip of rewriting module: urllib3.util.wait [assertion]
      early skip of rewriting module: urllib3.contrib [assertion]
      early skip of rewriting module: urllib3.contrib._appengine_environ [assertion]
      early skip of rewriting module: urllib3.util.request [assertion]
      early skip of rewriting module: brotli [assertion]
      early skip of rewriting module: urllib3.util.response [assertion]
      early skip of rewriting module: urllib3.util.ssl_ [assertion]
      early skip of rewriting module: hmac [assertion]
      early skip of rewriting module: urllib3.util.url [assertion]
      early skip of rewriting module: urllib3.util.timeout [assertion]
      early skip of rewriting module: urllib3.util.retry [assertion]
      early skip of rewriting module: urllib3._collections [assertion]
      early skip of rewriting module: urllib3.request [assertion]
      early skip of rewriting module: urllib3.filepost [assertion]
      early skip of rewriting module: urllib3.fields [assertion]
      early skip of rewriting module: mimetypes [assertion]
      early skip of rewriting module: urllib3.packages.six.moves.urllib [assertion]
      early skip of rewriting module: urllib3.packages.six.moves.urllib.parse [assertion]
      early skip of rewriting module: urllib3.response [assertion]
      early skip of rewriting module: brotli [assertion]
      early skip of rewriting module: urllib3.util.queue [assertion]
      early skip of rewriting module: urllib3.poolmanager [assertion]
      early skip of rewriting module: chardet [assertion]
      early skip of rewriting module: chardet.compat [assertion]
      early skip of rewriting module: chardet.universaldetector [assertion]
      early skip of rewriting module: chardet.charsetgroupprober [assertion]
      early skip of rewriting module: chardet.enums [assertion]
      early skip of rewriting module: chardet.charsetprober [assertion]
      early skip of rewriting module: chardet.escprober [assertion]
      early skip of rewriting module: chardet.codingstatemachine [assertion]
      early skip of rewriting module: chardet.escsm [assertion]
      early skip of rewriting module: chardet.latin1prober [assertion]
      early skip of rewriting module: chardet.mbcsgroupprober [assertion]
      early skip of rewriting module: chardet.utf8prober [assertion]
      early skip of rewriting module: chardet.mbcssm [assertion]
      early skip of rewriting module: chardet.sjisprober [assertion]
      early skip of rewriting module: chardet.mbcharsetprober [assertion]
      early skip of rewriting module: chardet.chardistribution [assertion]
      early skip of rewriting module: chardet.euctwfreq [assertion]
      early skip of rewriting module: chardet.euckrfreq [assertion]
      early skip of rewriting module: chardet.gb2312freq [assertion]
      early skip of rewriting module: chardet.big5freq [assertion]
      early skip of rewriting module: chardet.jisfreq [assertion]
      early skip of rewriting module: chardet.jpcntx [assertion]
      early skip of rewriting module: chardet.eucjpprober [assertion]
      early skip of rewriting module: chardet.gb2312prober [assertion]
      early skip of rewriting module: chardet.euckrprober [assertion]
      early skip of rewriting module: chardet.cp949prober [assertion]
      early skip of rewriting module: chardet.big5prober [assertion]
      early skip of rewriting module: chardet.euctwprober [assertion]
      early skip of rewriting module: chardet.sbcsgroupprober [assertion]
      early skip of rewriting module: chardet.sbcharsetprober [assertion]
      early skip of rewriting module: chardet.langcyrillicmodel [assertion]
      early skip of rewriting module: chardet.langgreekmodel [assertion]
      early skip of rewriting module: chardet.langbulgarianmodel [assertion]
      early skip of rewriting module: chardet.langthaimodel [assertion]
      early skip of rewriting module: chardet.langhebrewmodel [assertion]
      early skip of rewriting module: chardet.hebrewprober [assertion]
      early skip of rewriting module: chardet.langturkishmodel [assertion]
      early skip of rewriting module: chardet.version [assertion]
      early skip of rewriting module: requests.exceptions [assertion]
      early skip of rewriting module: requests.__version__ [assertion]
      early skip of rewriting module: requests.utils [assertion]
      early skip of rewriting module: requests.certs [assertion]
      early skip of rewriting module: certifi [assertion]
      early skip of rewriting module: certifi.core [assertion]
      early skip of rewriting module: importlib.resources [assertion]
      early skip of rewriting module: requests._internal_utils [assertion]
      early skip of rewriting module: requests.compat [assertion]
      early skip of rewriting module: simplejson [assertion]
      early skip of rewriting module: urllib.request [assertion]
      early skip of rewriting module: urllib.error [assertion]
      early skip of rewriting module: urllib.response [assertion]
      early skip of rewriting module: nturl2path [assertion]
      early skip of rewriting module: http.cookiejar [assertion]
      early skip of rewriting module: http.cookies [assertion]
      early skip of rewriting module: requests.cookies [assertion]
      early skip of rewriting module: requests.structures [assertion]
      early skip of rewriting module: requests.packages [assertion]
      early skip of rewriting module: idna [assertion]
      early skip of rewriting module: idna.package_data [assertion]
      early skip of rewriting module: idna.core [assertion]
      early skip of rewriting module: idna.idnadata [assertion]
      early skip of rewriting module: idna.intranges [assertion]
      early skip of rewriting module: requests.models [assertion]
      early skip of rewriting module: encodings.idna [assertion]
      early skip of rewriting module: stringprep [assertion]
      early skip of rewriting module: requests.hooks [assertion]
      early skip of rewriting module: requests.auth [assertion]
      early skip of rewriting module: requests.status_codes [assertion]
      early skip of rewriting module: requests.api [assertion]
      early skip of rewriting module: requests.sessions [assertion]
      early skip of rewriting module: requests.adapters [assertion]
      early skip of rewriting module: urllib3.contrib.socks [assertion]
      early skip of rewriting module: socks [assertion]
      early skip of rewriting module: dotenv [assertion]
      early skip of rewriting module: dotenv.compat [assertion]
      early skip of rewriting module: dotenv.main [assertion]
      early skip of rewriting module: dotenv.parser [assertion]
      early skip of rewriting module: flask [assertion]
      early skip of rewriting module: jinja2 [assertion]
      early skip of rewriting module: markupsafe [assertion]
      early skip of rewriting module: markupsafe._compat [assertion]
      early skip of rewriting module: markupsafe._speedups [assertion]
      early skip of rewriting module: jinja2.bccache [assertion]
      early skip of rewriting module: jinja2._compat [assertion]
      early skip of rewriting module: jinja2.utils [assertion]
      early skip of rewriting module: jinja2.environment [assertion]
      early skip of rewriting module: jinja2.nodes [assertion]
      early skip of rewriting module: jinja2.compiler [assertion]
      early skip of rewriting module: jinja2.exceptions [assertion]
      early skip of rewriting module: jinja2.idtracking [assertion]
      early skip of rewriting module: jinja2.visitor [assertion]
      early skip of rewriting module: jinja2.optimizer [assertion]
      early skip of rewriting module: jinja2.defaults [assertion]
      early skip of rewriting module: jinja2.filters [assertion]
      early skip of rewriting module: jinja2.runtime [assertion]
      early skip of rewriting module: jinja2.tests [assertion]
      early skip of rewriting module: jinja2.lexer [assertion]
      early skip of rewriting module: jinja2._identifier [assertion]
      early skip of rewriting module: jinja2.parser [assertion]
      early skip of rewriting module: jinja2.loaders [assertion]
      early skip of rewriting module: werkzeug [assertion]
      early skip of rewriting module: werkzeug.serving [assertion]
      early skip of rewriting module: werkzeug._compat [assertion]
      early skip of rewriting module: werkzeug._internal [assertion]
      early skip of rewriting module: werkzeug.exceptions [assertion]
      early skip of rewriting module: werkzeug.utils [assertion]
      early skip of rewriting module: html [assertion]
      early skip of rewriting module: html.entities [assertion]
      early skip of rewriting module: werkzeug.urls [assertion]
      early skip of rewriting module: socketserver [assertion]
      early skip of rewriting module: http.server [assertion]
      early skip of rewriting module: click [assertion]
      early skip of rewriting module: click.core [assertion]
      early skip of rewriting module: click._compat [assertion]
      early skip of rewriting module: click._winconsole [assertion]
      early skip of rewriting module: click._unicodefun [assertion]
      early skip of rewriting module: click.exceptions [assertion]
      early skip of rewriting module: click.utils [assertion]
      early skip of rewriting module: click.globals [assertion]
      early skip of rewriting module: click.formatting [assertion]
      early skip of rewriting module: click.parser [assertion]
      early skip of rewriting module: click.termui [assertion]
      early skip of rewriting module: click.types [assertion]
      early skip of rewriting module: click.decorators [assertion]
      early skip of rewriting module: werkzeug.test [assertion]
      early skip of rewriting module: werkzeug.datastructures [assertion]
      early skip of rewriting module: werkzeug.filesystem [assertion]
      early skip of rewriting module: werkzeug.http [assertion]
      early skip of rewriting module: werkzeug.wrappers [assertion]
      early skip of rewriting module: werkzeug.wrappers.accept [assertion]
      early skip of rewriting module: werkzeug.wrappers.auth [assertion]
      early skip of rewriting module: werkzeug.wrappers.base_request [assertion]
      early skip of rewriting module: werkzeug.formparser [assertion]
      early skip of rewriting module: werkzeug.wsgi [assertion]
      early skip of rewriting module: werkzeug.wrappers.base_response [assertion]
      early skip of rewriting module: werkzeug.wrappers.common_descriptors [assertion]
      early skip of rewriting module: werkzeug.wrappers.etag [assertion]
      early skip of rewriting module: werkzeug.wrappers.request [assertion]
      early skip of rewriting module: werkzeug.wrappers.cors [assertion]
      early skip of rewriting module: werkzeug.wrappers.user_agent [assertion]
      early skip of rewriting module: werkzeug.useragents [assertion]
      early skip of rewriting module: werkzeug.wrappers.response [assertion]
      early skip of rewriting module: flask.json [assertion]
      early skip of rewriting module: itsdangerous [assertion]
      early skip of rewriting module: itsdangerous._json [assertion]
      early skip of rewriting module: simplejson [assertion]
      early skip of rewriting module: itsdangerous.encoding [assertion]
      early skip of rewriting module: itsdangerous._compat [assertion]
      early skip of rewriting module: itsdangerous.exc [assertion]
      early skip of rewriting module: itsdangerous.jws [assertion]
      early skip of rewriting module: itsdangerous.serializer [assertion]
      early skip of rewriting module: itsdangerous.signer [assertion]
      early skip of rewriting module: itsdangerous.timed [assertion]
      early skip of rewriting module: itsdangerous.url_safe [assertion]
      early skip of rewriting module: flask._compat [assertion]
      early skip of rewriting module: flask.globals [assertion]
      early skip of rewriting module: werkzeug.local [assertion]
      early skip of rewriting module: greenlet [assertion]
      early skip of rewriting module: thread [assertion]
      early skip of rewriting module: dataclasses [assertion]
      early skip of rewriting module: flask.app [assertion]
      early skip of rewriting module: werkzeug.routing [assertion]
      early skip of rewriting module: flask.cli [assertion]
      early skip of rewriting module: flask.helpers [assertion]
      early skip of rewriting module: flask.signals [assertion]
      early skip of rewriting module: blinker [assertion]
      early skip of rewriting module: flask.config [assertion]
      early skip of rewriting module: flask.ctx [assertion]
      early skip of rewriting module: flask.logging [assertion]
      early skip of rewriting module: flask.sessions [assertion]
      early skip of rewriting module: flask.json.tag [assertion]
      early skip of rewriting module: flask.templating [assertion]
      early skip of rewriting module: flask.wrappers [assertion]
      early skip of rewriting module: werkzeug.wrappers.json [assertion]
      early skip of rewriting module: simplejson [assertion]
      early skip of rewriting module: flask.blueprints [assertion]
        pytest_pycollect_makeitem [hook]
            collector: <Module tests/test_todoapp.py>
            name: __name__
            obj: test_todoapp
        finish pytest_pycollect_makeitem --> None [hook]
        pytest_pycollect_makeitem [hook]
            collector: <Module tests/test_todoapp.py>
            name: __doc__
            obj: None
        finish pytest_pycollect_makeitem --> None [hook]
        pytest_pycollect_makeitem [hook]
            collector: <Module tests/test_todoapp.py>
            name: __package__
            obj: 
        finish pytest_pycollect_makeitem --> None [hook]
        pytest_pycollect_makeitem [hook]
            collector: <Module tests/test_todoapp.py>
            name: __loader__
            obj: <_pytest.assertion.rewrite.AssertionRewritingHook object at 0x03568FB8>
        finish pytest_pycollect_makeitem --> None [hook]
        pytest_pycollect_makeitem [hook]
            collector: <Module tests/test_todoapp.py>
            name: __spec__
            obj: ModuleSpec(name='test_todoapp', loader=<_pytest.assertion.rewrite.AssertionRewritingHook object at 0x03568FB8>, origin='C:\\Users\\rajra\\Documents\\Corndel\\DevOps-Course-Starter\\tests\\test_todoapp.py')
        finish pytest_pycollect_makeitem --> None [hook]
        pytest_pycollect_makeitem [hook]
            collector: <Module tests/test_todoapp.py>
            name: __file__
            obj: C:\Users\rajra\Documents\Corndel\DevOps-Course-Starter\tests\test_todoapp.py
        finish pytest_pycollect_makeitem --> None [hook]
        pytest_pycollect_makeitem [hook]
            collector: <Module tests/test_todoapp.py>
            name: __cached__
            obj: C:\Users\rajra\Documents\Corndel\DevOps-Course-Starter\tests\__pycache__\test_todoapp.cpython-38.pyc
        finish pytest_pycollect_makeitem --> None [hook]
        pytest_pycollect_makeitem [hook]
            collector: <Module tests/test_todoapp.py>
            name: __builtins__
            obj: {'__name__': 'builtins', '__doc__': "Built-in functions, exceptions, and other objects.\n\nNoteworthy: None is the `nil' object; Ellipsis represents `...' in slices.", '__package__': '', '__loader__': <class '_frozen_importlib.BuiltinImporter'>, '__spec__': ModuleSpec(name='builtins', loader=<class '_frozen_importlib.BuiltinImporter'>), '__build_class__': <built-in function __build_class__>, '__import__': <built-in function __import__>, 'abs': <built-in function abs>, 'all': <built-in function all>, 'any': <built-in function any>, 'ascii': <built-in function ascii>, 'bin': <built-in function bin>, 'breakpoint': <built-in function breakpoint>, 'callable': <built-in function callable>, 'chr': <built-in function chr>, 'compile': <built-in function compile>, 'delattr': <built-in function delattr>, 'dir': <built-in function dir>, 'divmod': <built-in function divmod>, 'eval': <built-in function eval>, 'exec': <built-in function exec>, 'format': <built-in function format>, 'getattr': <built-in function getattr>, 'globals': <built-in function globals>, 'hasattr': <built-in function hasattr>, 'hash': <built-in function hash>, 'hex': <built-in function hex>, 'id': <built-in function id>, 'input': <built-in function input>, 'isinstance': <built-in function isinstance>, 'issubclass': <built-in function issubclass>, 'iter': <built-in function iter>, 'len': <built-in function len>, 'locals': <built-in function locals>, 'max': <built-in function max>, 'min': <built-in function min>, 'next': <built-in function next>, 'oct': <built-in function oct>, 'ord': <built-in function ord>, 'pow': <built-in function pow>, 'print': <built-in function print>, 'repr': <built-in function repr>, 'round': <built-in function round>, 'setattr': <built-in function setattr>, 'sorted': <built-in function sorted>, 'sum': <built-in function sum>, 'vars': <built-in function vars>, 'None': None, 'Ellipsis': Ellipsis, 'NotImplemented': NotImplemented, 'False': False, 'True': True, 'bool': <class 'bool'>, 'memoryview': <class 'memoryview'>, 'bytearray': <class 'bytearray'>, 'bytes': <class 'bytes'>, 'classmethod': <class 'classmethod'>, 'complex': <class 'complex'>, 'dict': <class 'dict'>, 'enumerate': <class 'enumerate'>, 'filter': <class 'filter'>, 'float': <class 'float'>, 'frozenset': <class 'frozenset'>, 'property': <class 'property'>, 'int': <class 'int'>, 'list': <class 'list'>, 'map': <class 'map'>, 'object': <class 'object'>, 'range': <class 'range'>, 'reversed': <class 'reversed'>, 'set': <class 'set'>, 'slice': <class 'slice'>, 'staticmethod': <class 'staticmethod'>, 'str': <class 'str'>, 'super': <class 'super'>, 'tuple': <class 'tuple'>, 'type': <class 'type'>, 'zip': <class 'zip'>, '__debug__': True, 'BaseException': <class 'BaseException'>, 'Exception': <class 'Exception'>, 'TypeError': <class 'TypeError'>, 'StopAsyncIteration': <class 'StopAsyncIteration'>, 'StopIteration': <class 'StopIteration'>, 'GeneratorExit': <class 'GeneratorExit'>, 'SystemExit': <class 'SystemExit'>, 'KeyboardInterrupt': <class 'KeyboardInterrupt'>, 'ImportError': <class 'ImportError'>, 'ModuleNotFoundError': <class 'ModuleNotFoundError'>, 'OSError': <class 'OSError'>, 'EnvironmentError': <class 'OSError'>, 'IOError': <class 'OSError'>, 'WindowsError': <class 'OSError'>, 'EOFError': <class 'EOFError'>, 'RuntimeError': <class 'RuntimeError'>, 'RecursionError': <class 'RecursionError'>, 'NotImplementedError': <class 'NotImplementedError'>, 'NameError': <class 'NameError'>, 'UnboundLocalError': <class 'UnboundLocalError'>, 'AttributeError': <class 'AttributeError'>, 'SyntaxError': <class 'SyntaxError'>, 'IndentationError': <class 'IndentationError'>, 'TabError': <class 'TabError'>, 'LookupError': <class 'LookupError'>, 'IndexError': <class 'IndexError'>, 'KeyError': <class 'KeyError'>, 'ValueError': <class 'ValueError'>, 'UnicodeError': <class 'UnicodeError'>, 'UnicodeEncodeError': <class 'UnicodeEncodeError'>, 'UnicodeDecodeError': <class 'UnicodeDecodeError'>, 'UnicodeTranslateError': <class 'UnicodeTranslateError'>, 'AssertionError': <class 'AssertionError'>, 'ArithmeticError': <class 'ArithmeticError'>, 'FloatingPointError': <class 'FloatingPointError'>, 'OverflowError': <class 'OverflowError'>, 'ZeroDivisionError': <class 'ZeroDivisionError'>, 'SystemError': <class 'SystemError'>, 'ReferenceError': <class 'ReferenceError'>, 'MemoryError': <class 'MemoryError'>, 'BufferError': <class 'BufferError'>, 'Warning': <class 'Warning'>, 'UserWarning': <class 'UserWarning'>, 'DeprecationWarning': <class 'DeprecationWarning'>, 'PendingDeprecationWarning': <class 'PendingDeprecationWarning'>, 'SyntaxWarning': <class 'SyntaxWarning'>, 'RuntimeWarning': <class 'RuntimeWarning'>, 'FutureWarning': <class 'FutureWarning'>, 'ImportWarning': <class 'ImportWarning'>, 'UnicodeWarning': <class 'UnicodeWarning'>, 'BytesWarning': <class 'BytesWarning'>, 'ResourceWarning': <class 'ResourceWarning'>, 'ConnectionError': <class 'ConnectionError'>, 'BlockingIOError': <class 'BlockingIOError'>, 'BrokenPipeError': <class 'BrokenPipeError'>, 'ChildProcessError': <class 'ChildProcessError'>, 'ConnectionAbortedError': <class 'ConnectionAbortedError'>, 'ConnectionRefusedError': <class 'ConnectionRefusedError'>, 'ConnectionResetError': <class 'ConnectionResetError'>, 'FileExistsError': <class 'FileExistsError'>, 'FileNotFoundError': <class 'FileNotFoundError'>, 'IsADirectoryError': <class 'IsADirectoryError'>, 'NotADirectoryError': <class 'NotADirectoryError'>, 'InterruptedError': <class 'InterruptedError'>, 'PermissionError': <class 'PermissionError'>, 'ProcessLookupError': <class 'ProcessLookupError'>, 'TimeoutError': <class 'TimeoutError'>, 'open': <built-in function open>, 'quit': Use quit() or Ctrl-Z plus Return to exit, 'exit': Use exit() or Ctrl-Z plus Return to exit, 'copyright': Copyright (c) 2001-2020 Python Software Foundation.
All Rights Reserved.

Copyright (c) 2000 BeOpen.com.
All Rights Reserved.

Copyright (c) 1995-2001 Corporation for National Research Initiatives.
All Rights Reserved.

Copyright (c) 1991-1995 Stichting Mathematisch Centrum, Amsterdam.
All Rights Reserved., 'credits':     Thanks to CWI, CNRI, BeOpen.com, Zope Corporation and a cast of thousands
    for supporting Python development.  See www.python.org for more information., 'license': Type license() to see the full license text, 'help': Type help() for interactive help, or help(object) for help about object.}
        finish pytest_pycollect_makeitem --> None [hook]
        pytest_pycollect_makeitem [hook]
            collector: <Module tests/test_todoapp.py>
            name: @py_builtins
            obj: <module 'builtins' (built-in)>
        finish pytest_pycollect_makeitem --> None [hook]
        pytest_pycollect_makeitem [hook]
            collector: <Module tests/test_todoapp.py>
            name: @pytest_ar
            obj: <module '_pytest.assertion.rewrite' from 'c:\\users\\rajra\\documents\\corndel\\devops-course-starter\\env\\lib\\site-packages\\_pytest\\assertion\\rewrite.py'>
        finish pytest_pycollect_makeitem --> None [hook]
        pytest_pycollect_makeitem [hook]
            collector: <Module tests/test_todoapp.py>
            name: mock
            obj: <module 'mock' from 'c:\\users\\rajra\\documents\\corndel\\devops-course-starter\\env\\lib\\site-packages\\mock\\__init__.py'>
        finish pytest_pycollect_makeitem --> None [hook]
        pytest_pycollect_makeitem [hook]
            collector: <Module tests/test_todoapp.py>
            name: unittest
            obj: <module 'unittest' from 'C:\\Users\\rajra\\AppData\\Local\\Programs\\Python\\Python38-32\\lib\\unittest\\__init__.py'>
        finish pytest_pycollect_makeitem --> None [hook]
        pytest_pycollect_makeitem [hook]
            collector: <Module tests/test_todoapp.py>
            name: requests
            obj: <module 'requests' from 'c:\\users\\rajra\\documents\\corndel\\devops-course-starter\\env\\lib\\site-packages\\requests\\__init__.py'>
        finish pytest_pycollect_makeitem --> None [hook]
        pytest_pycollect_makeitem [hook]
            collector: <Module tests/test_todoapp.py>
            name: dotenv
            obj: <module 'dotenv' from 'c:\\users\\rajra\\documents\\corndel\\devops-course-starter\\env\\lib\\site-packages\\dotenv\\__init__.py'>
        finish pytest_pycollect_makeitem --> None [hook]
        pytest_pycollect_makeitem [hook]
            collector: <Module tests/test_todoapp.py>
            name: pytest
            obj: <module 'pytest' from 'c:\\users\\rajra\\documents\\corndel\\devops-course-starter\\env\\lib\\site-packages\\pytest\\__init__.py'>
        finish pytest_pycollect_makeitem --> None [hook]
        finish pytest_make_collect_report --> <CollectReport 'tests/test_todoapp.py' lenresult=0 outcome='failed'> [hook]
        pytest_exception_interact [hook]
            node: <Module tests/test_todoapp.py>
            call: <CallInfo when='collect' excinfo=<ExceptionInfo RuntimeError('Working outside of application context.\n\nThis typically means that you attempted to use functionality .... To solve\nthis, set up an application context with app.app_context().  See the\ndocumentation for more information.') tblen=10>>
            report: <CollectReport 'tests/test_todoapp.py' lenresult=0 outcome='failed'>
        finish pytest_exception_interact --> [] [hook]
        pytest_collectreport [hook]
            report: <CollectReport 'tests/test_todoapp.py' lenresult=0 outcome='failed'>
        finish pytest_collectreport --> [] [hook]
        pytest_collection_modifyitems [hook]
            session: <Session DevOps-Course-Starter exitstatus=<ExitCode.OK: 0> testsfailed=1 testscollected=0>
            config: <_pytest.config.Config object at 0x034B1520>
            items: []
        finish pytest_collection_modifyitems --> [] [hook]
        pytest_collection_finish [hook]
            session: <Session DevOps-Course-Starter exitstatus=<ExitCode.OK: 0> testsfailed=1 testscollected=0>
          pytest_report_collectionfinish [hook]
              config: <_pytest.config.Config object at 0x034B1520>
              startdir: C:\Users\rajra\Documents\Corndel\DevOps-Course-Starter
              items: []
          finish pytest_report_collectionfinish --> [] [hook]
        finish pytest_collection_finish --> [] [hook]
      finish pytest_collection --> None [hook]
      pytest_runtestloop [hook]
          session: <Session DevOps-Course-Starter exitstatus=<ExitCode.OK: 0> testsfailed=1 testscollected=0>
      pytest_keyboard_interrupt [hook]
          excinfo: <ExceptionInfo Interrupted('1 error during collection') tblen=13>
      finish pytest_keyboard_interrupt --> [] [hook]
      pytest_sessionfinish [hook]
          session: <Session DevOps-Course-Starter exitstatus=<ExitCode.INTERRUPTED: 2> testsfailed=1 testscollected=0>
          exitstatus: ExitCode.INTERRUPTED
        pytest_terminal_summary [hook]
            terminalreporter: <_pytest.terminal.TerminalReporter object at 0x03992E08>
            exitstatus: ExitCode.INTERRUPTED
            config: <_pytest.config.Config object at 0x034B1520>
        early skip of rewriting module: pygments [assertion]
        early skip of rewriting module: pygments [assertion]
        early skip of rewriting module: pygments [assertion]
        early skip of rewriting module: pygments [assertion]
        early skip of rewriting module: pygments [assertion]
        early skip of rewriting module: pygments [assertion]
        early skip of rewriting module: pygments [assertion]
        early skip of rewriting module: pygments [assertion]
        early skip of rewriting module: pygments [assertion]
        early skip of rewriting module: pygments [assertion]
          pytest_report_teststatus [hook]
              report: <CollectReport 'tests/test_todoapp.py' lenresult=0 outcome='failed'>
              config: <_pytest.config.Config object at 0x034B1520>
          finish pytest_report_teststatus --> ('error', 'E', 'ERROR') [hook]
        finish pytest_terminal_summary --> [] [hook]
      finish pytest_sessionfinish --> [] [hook]
      pytest_unconfigure [hook]
          config: <_pytest.config.Config object at 0x034B1520>
      finish pytest_unconfigure --> [] [hook]
